-------------------------------------------------------
Star Wars / ESB Matrix Processor Microcode Disassembler
Version 0.8 by Frank Palazzolo (palazzol@tir.com)
-------------------------------------------------------

PROM Address    PROM Data                    Mnemonics

                Strobes D/I* Address


Probable entry point: (MW0 = 0x00)
00 000000 00    10010000  0  0000001         lda (BIC,1), clearacc
00 000000 01    01000000  1  0001111         ldb (0x0f)
00 000000 10    00100000  1  0010010         ldc (0x12)
00 000000 11    10000000  1  0001111         lda (0x0f)
00 000001 00    01000000  0  0000010         ldb (BIC,2)
00 000001 01    00100000  1  0010001         ldc (0x11)
00 000001 10    10000000  1  0110100         lda (0x34)
00 000001 11    01000000  1  0001111         ldb (0x0f)
00 000010 00    00100000  1  0110101         ldc (0x35)
00 000010 01    10000000  0  0000001         lda (BIC,1)
00 000010 10    00000010  0  0000001         readcc (BIC,1)
00 000010 11    01010000  1  0001111         ldb (0x0f), clearacc
00 000011 00    00100000  1  0010001         ldc (0x11)
00 000011 01    10000000  0  0000010         lda (BIC,2)
00 000011 10    00100000  1  0010010         ldc (0x12)
00 000011 11    10000000  1  0110100         lda (0x34)
00 000100 00    00100000  1  0110101         ldc (0x35)
00 000100 01    00001010  0  0000010         readcc (BIC,2), BIC++
00 000100 10    10010000  0  0000001         lda (BIC,1), clearacc
00 000100 11    01000000  1  0001111         ldb (0x0f)
00 000101 00    00100000  1  0010010         ldc (0x12)
00 000101 01    10000000  1  0001111         lda (0x0f)
00 000101 10    01000000  0  0000010         ldb (BIC,2)
00 000101 11    00100000  1  0010001         ldc (0x11)
00 000110 00    10000000  1  0110100         lda (0x34)
00 000110 01    01000000  1  0001111         ldb (0x0f)
00 000110 10    00100000  1  0110101         ldc (0x35)
00 000110 11    10000000  0  0000001         lda (BIC,1)
00 000111 00    00000010  0  0000001         readcc (BIC,1)
00 000111 01    01010000  1  0001111         ldb (0x0f), clearacc
00 000111 10    00100000  1  0010001         ldc (0x11)
00 000111 11    10000000  0  0000010         lda (BIC,2)
00 001000 00    00100000  1  0010010         ldc (0x12)
00 001000 01    10000000  1  0110100         lda (0x34)
00 001000 10    00100000  1  0110101         ldc (0x35)
00 001000 11    00001010  0  0000010         readcc (BIC,2), BIC++
00 001001 00    10010000  0  0000001         lda (BIC,1), clearacc
00 001001 01    01000000  1  0001111         ldb (0x0f)
00 001001 10    00100000  1  0010010         ldc (0x12)
00 001001 11    10000000  1  0001111         lda (0x0f)
00 001010 00    01000000  0  0000010         ldb (BIC,2)
00 001010 01    00100000  1  0010001         ldc (0x11)
00 001010 10    10000000  1  0110100         lda (0x34)
00 001010 11    01000000  1  0001111         ldb (0x0f)
00 001011 00    00100000  1  0110101         ldc (0x35)
00 001011 01    10000000  0  0000001         lda (BIC,1)
00 001011 10    00000010  0  0000001         readcc (BIC,1)
00 001011 11    01010000  1  0001111         ldb (0x0f), clearacc
00 001100 00    00100000  1  0010001         ldc (0x11)
00 001100 01    10000000  0  0000010         lda (BIC,2)
00 001100 10    00100000  1  0010010         ldc (0x12)
00 001100 11    10000000  1  0110100         lda (0x34)
00 001101 00    00100000  1  0110101         ldc (0x35)
00 001101 01    00000110  0  0000010         readcc (BIC,2), mhalt
Exit point

00 001101 10    00000000  0  0000000         
00 001101 11    00000000  0  0000000         

Probable entry point: (MW0 = 0x0e)
00 001110 00    10010000  0  0000010         lda (BIC,2), clearacc
00 001110 01    01000000  1  0001111         ldb (0x0f)
00 001110 10    00100000  1  0010010         ldc (0x12)
00 001110 11    10000000  1  0001111         lda (0x0f)
00 001111 00    01000000  0  0000000         ldb (BIC,0)
00 001111 01    00100000  1  0010001         ldc (0x11)
00 001111 10    10000000  1  0110100         lda (0x34)
00 001111 11    01000000  1  0001111         ldb (0x0f)
00 010000 00    00100000  1  0110101         ldc (0x35)
00 010000 01    10000000  0  0000010         lda (BIC,2)
00 010000 10    00000010  0  0000010         readcc (BIC,2)
00 010000 11    01010000  1  0001111         ldb (0x0f), clearacc
00 010001 00    00100000  1  0010001         ldc (0x11)
00 010001 01    10000000  0  0000000         lda (BIC,0)
00 010001 10    00100000  1  0010010         ldc (0x12)
00 010001 11    10000000  1  0110100         lda (0x34)
00 010010 00    00100000  1  0110101         ldc (0x35)
00 010010 01    00001010  0  0000000         readcc (BIC,0), BIC++
00 010010 10    10010000  0  0000010         lda (BIC,2), clearacc
00 010010 11    01000000  1  0001111         ldb (0x0f)
00 010011 00    00100000  1  0010010         ldc (0x12)
00 010011 01    10000000  1  0001111         lda (0x0f)
00 010011 10    01000000  0  0000000         ldb (BIC,0)
00 010011 11    00100000  1  0010001         ldc (0x11)
00 010100 00    10000000  1  0110100         lda (0x34)
00 010100 01    01000000  1  0001111         ldb (0x0f)
00 010100 10    00100000  1  0110101         ldc (0x35)
00 010100 11    10000000  0  0000010         lda (BIC,2)
00 010101 00    00000010  0  0000010         readcc (BIC,2)
00 010101 01    01010000  1  0001111         ldb (0x0f), clearacc
00 010101 10    00100000  1  0010001         ldc (0x11)
00 010101 11    10000000  0  0000000         lda (BIC,0)
00 010110 00    00100000  1  0010010         ldc (0x12)
00 010110 01    10000000  1  0110100         lda (0x34)
00 010110 10    00100000  1  0110101         ldc (0x35)
00 010110 11    00001010  0  0000000         readcc (BIC,0), BIC++
00 010111 00    10010000  0  0000010         lda (BIC,2), clearacc
00 010111 01    01000000  1  0001111         ldb (0x0f)
00 010111 10    00100000  1  0010010         ldc (0x12)
00 010111 11    10000000  1  0001111         lda (0x0f)
00 011000 00    01000000  0  0000000         ldb (BIC,0)
00 011000 01    00100000  1  0010001         ldc (0x11)
00 011000 10    10000000  1  0110100         lda (0x34)
00 011000 11    01000000  1  0001111         ldb (0x0f)
00 011001 00    00100000  1  0110101         ldc (0x35)
00 011001 01    10000000  0  0000010         lda (BIC,2)
00 011001 10    00000010  0  0000010         readcc (BIC,2)
00 011001 11    01010000  1  0001111         ldb (0x0f), clearacc
00 011010 00    00100000  1  0010001         ldc (0x11)
00 011010 01    10000000  0  0000000         lda (BIC,0)
00 011010 10    00100000  1  0010010         ldc (0x12)
00 011010 11    10000000  1  0110100         lda (0x34)
00 011011 00    00100000  1  0110101         ldc (0x35)
00 011011 01    00000110  0  0000000         readcc (BIC,0), mhalt
Exit point

00 011011 10    00000000  0  0000000         
00 011011 11    00000000  0  0000000         

Probable entry point: (MW0 = 0x1c)
00 011100 00    10010000  0  0000000         lda (BIC,0), clearacc
00 011100 01    01000000  1  0001111         ldb (0x0f)
00 011100 10    00100000  1  0010010         ldc (0x12)
00 011100 11    10000000  1  0001111         lda (0x0f)
00 011101 00    01000000  0  0000001         ldb (BIC,1)
00 011101 01    00100000  1  0010001         ldc (0x11)
00 011101 10    10000000  1  0110100         lda (0x34)
00 011101 11    01000000  1  0001111         ldb (0x0f)
00 011110 00    00100000  1  0110101         ldc (0x35)
00 011110 01    10000000  0  0000000         lda (BIC,0)
00 011110 10    00000010  0  0000000         readcc (BIC,0)
00 011110 11    01010000  1  0001111         ldb (0x0f), clearacc
00 011111 00    00100000  1  0010001         ldc (0x11)
00 011111 01    10000000  0  0000001         lda (BIC,1)
00 011111 10    00100000  1  0010010         ldc (0x12)
00 011111 11    10000000  1  0110100         lda (0x34)
00 100000 00    00100000  1  0110101         ldc (0x35)
00 100000 01    00001010  0  0000001         readcc (BIC,1), BIC++
00 100000 10    10010000  0  0000000         lda (BIC,0), clearacc
00 100000 11    01000000  1  0001111         ldb (0x0f)
00 100001 00    00100000  1  0010010         ldc (0x12)
00 100001 01    10000000  1  0001111         lda (0x0f)
00 100001 10    01000000  0  0000001         ldb (BIC,1)
00 100001 11    00100000  1  0010001         ldc (0x11)
00 100010 00    10000000  1  0110100         lda (0x34)
00 100010 01    01000000  1  0001111         ldb (0x0f)
00 100010 10    00100000  1  0110101         ldc (0x35)
00 100010 11    10000000  0  0000000         lda (BIC,0)
00 100011 00    00000010  0  0000000         readcc (BIC,0)
00 100011 01    01010000  1  0001111         ldb (0x0f), clearacc
00 100011 10    00100000  1  0010001         ldc (0x11)
00 100011 11    10000000  0  0000001         lda (BIC,1)
00 100100 00    00100000  1  0010010         ldc (0x12)
00 100100 01    10000000  1  0110100         lda (0x34)
00 100100 10    00100000  1  0110101         ldc (0x35)
00 100100 11    00001010  0  0000001         readcc (BIC,1), BIC++
00 100101 00    10010000  0  0000000         lda (BIC,0), clearacc
00 100101 01    01000000  1  0001111         ldb (0x0f)
00 100101 10    00100000  1  0010010         ldc (0x12)
00 100101 11    10000000  1  0001111         lda (0x0f)
00 100110 00    01000000  0  0000001         ldb (BIC,1)
00 100110 01    00100000  1  0010001         ldc (0x11)
00 100110 10    10000000  1  0110100         lda (0x34)
00 100110 11    01000000  1  0001111         ldb (0x0f)
00 100111 00    00100000  1  0110101         ldc (0x35)
00 100111 01    10000000  0  0000000         lda (BIC,0)
00 100111 10    00000010  0  0000000         readcc (BIC,0)
00 100111 11    01010000  1  0001111         ldb (0x0f), clearacc
00 101000 00    00100000  1  0010001         ldc (0x11)
00 101000 01    10000000  0  0000001         lda (BIC,1)
00 101000 10    00100000  1  0010010         ldc (0x12)
00 101000 11    10000000  1  0110100         lda (0x34)
00 101001 00    00100000  1  0110101         ldc (0x35)
00 101001 01    00000110  0  0000001         readcc (BIC,1), mhalt
Exit point

00 101001 10    00000000  0  0000000         
00 101001 11    00000000  0  0000000         

Probable entry point: (MW0 = 0x2a)
00 101010 00    10010000  0  0000000         lda (BIC,0), clearacc
00 101010 01    01000000  1  0100000         ldb (0x20)
00 101010 10    00100000  1  0010100         ldc (0x14)
00 101010 11    10000000  0  0000001         lda (BIC,1)
00 101011 00    01000000  1  0100001         ldb (0x21)
00 101011 01    00100000  1  0011000         ldc (0x18)
00 101011 10    10000000  0  0000010         lda (BIC,2)
00 101011 11    01000000  1  0100010         ldb (0x22)
00 101100 00    00100000  1  0011100         ldc (0x1c)
00 101100 01    00000010  1  0000000         readcc (0x00)
00 101100 10    10010000  0  0000000         lda (BIC,0), clearacc
00 101100 11    01000000  1  0100000         ldb (0x20)
00 101101 00    00100000  1  0010101         ldc (0x15)
00 101101 01    10000000  0  0000001         lda (BIC,1)
00 101101 10    01000000  1  0100001         ldb (0x21)
00 101101 11    00100000  1  0011001         ldc (0x19)
00 101110 00    10000000  0  0000010         lda (BIC,2)
00 101110 01    01000000  1  0100010         ldb (0x22)
00 101110 10    00100000  1  0011101         ldc (0x1d)
00 101110 11    00000010  1  0000001         readcc (0x01)
00 101111 00    10010000  0  0000000         lda (BIC,0), clearacc
00 101111 01    01000000  1  0100000         ldb (0x20)
00 101111 10    00100000  1  0010110         ldc (0x16)
00 101111 11    10000000  0  0000001         lda (BIC,1)
00 110000 00    01000000  1  0100001         ldb (0x21)
00 110000 01    00100000  1  0011010         ldc (0x1a)
00 110000 10    10000000  0  0000010         lda (BIC,2)
00 110000 11    01000000  1  0100010         ldb (0x22)
00 110001 00    00100000  1  0011110         ldc (0x1e)
00 110001 01    00001110  1  0000010         readcc (0x02), BIC++, mhalt
Exit point

00 110001 10    00000000  0  0000000         
00 110001 11    00000000  0  0000000         
00 110010 00    00000000  0  0000000         
00 110010 01    00000000  0  0000000         
00 110010 10    00000000  0  0000000         
00 110010 11    00000000  0  0000000         
00 110011 00    00000000  0  0000000         
00 110011 01    00000000  0  0000000         
00 110011 10    00000000  0  0000000         
00 110011 11    00000000  0  0000000         
00 110100 00    00000000  0  0000000         
00 110100 01    00000000  0  0000000         
00 110100 10    00000000  0  0000000         
00 110100 11    00000000  0  0000000         
00 110101 00    00000000  0  0000000         
00 110101 01    00000000  0  0000000         
00 110101 10    00000000  0  0000000         
00 110101 11    00000000  0  0000000         
00 110110 00    00000000  0  0000000         
00 110110 01    00000000  0  0000000         
00 110110 10    00000000  0  0000000         
00 110110 11    00000000  0  0000000         
00 110111 00    00000000  0  0000000         
00 110111 01    00000000  0  0000000         
00 110111 10    00000000  0  0000000         
00 110111 11    00000000  0  0000000         
00 111000 00    00000000  0  0000000         
00 111000 01    00000000  0  0000000         
00 111000 10    00000000  0  0000000         
00 111000 11    00000000  0  0000000         
00 111001 00    00000000  0  0000000         
00 111001 01    00000000  0  0000000         
00 111001 10    00000000  0  0000000         
00 111001 11    00000000  0  0000000         
00 111010 00    00000000  0  0000000         
00 111010 01    00000000  0  0000000         
00 111010 10    00000000  0  0000000         
00 111010 11    00000000  0  0000000         
00 111011 00    00000000  0  0000000         
00 111011 01    00000000  0  0000000         
00 111011 10    00000000  0  0000000         
00 111011 11    00000000  0  0000000         
00 111100 00    00000000  0  0000000         
00 111100 01    00000000  0  0000000         
00 111100 10    00000000  0  0000000         
00 111100 11    00000000  0  0000000         
00 111101 00    00000000  0  0000000         
00 111101 01    00000000  0  0000000         
00 111101 10    00000000  0  0000000         
00 111101 11    00000000  0  0000000         
00 111110 00    00000000  0  0000000         
00 111110 01    00000000  0  0000000         
00 111110 10    00000000  0  0000000         
00 111110 11    00000000  0  0000000         
00 111111 00    00000000  0  0000000         
00 111111 01    00000000  0  0000000         
00 111111 10    00000000  0  0000000         
00 111111 11    00000000  0  0000000         

------------Page Boundary-----------


Probable entry point: (MW0 = 0x40)
01 000000 00    01000000  1  0001111         ldb (0x0f)
01 000000 01    10010000  1  0100100         lda (0x24), clearacc
01 000000 10    00100000  1  0010100         ldc (0x14)
01 000000 11    10000000  1  0101000         lda (0x28)
01 000001 00    00100000  1  0011000         ldc (0x18)
01 000001 01    10000000  1  0101100         lda (0x2c)
01 000001 10    00100000  1  0011100         ldc (0x1c)
01 000001 11    00000010  1  0000011         readcc (0x03)
01 000010 00    10010000  1  0100100         lda (0x24), clearacc
01 000010 01    00100000  1  0010101         ldc (0x15)
01 000010 10    10000000  1  0101000         lda (0x28)
01 000010 11    00100000  1  0011001         ldc (0x19)
01 000011 00    10000000  1  0101100         lda (0x2c)
01 000011 01    00100000  1  0011101         ldc (0x1d)
01 000011 10    00000010  1  0000100         readcc (0x04)
01 000011 11    10010000  1  0100100         lda (0x24), clearacc
01 000100 00    00100000  1  0010110         ldc (0x16)
01 000100 01    10000000  1  0101000         lda (0x28)
01 000100 10    00100000  1  0011010         ldc (0x1a)
01 000100 11    10000000  1  0101100         lda (0x2c)
01 000101 00    00100000  1  0011110         ldc (0x1e)
01 000101 01    00000010  1  0000101         readcc (0x05)
01 000101 10    10010000  1  0100101         lda (0x25), clearacc
01 000101 11    00100000  1  0010100         ldc (0x14)
01 000110 00    10000000  1  0101001         lda (0x29)
01 000110 01    00100000  1  0011000         ldc (0x18)
01 000110 10    10000000  1  0101101         lda (0x2d)
01 000110 11    00100000  1  0011100         ldc (0x1c)
01 000111 00    00000010  1  0000110         readcc (0x06)
01 000111 01    10010000  1  0100101         lda (0x25), clearacc
01 000111 10    00100000  1  0010101         ldc (0x15)
01 000111 11    10000000  1  0101001         lda (0x29)
01 001000 00    00100000  1  0011001         ldc (0x19)
01 001000 01    10000000  1  0101101         lda (0x2d)
01 001000 10    00100000  1  0011101         ldc (0x1d)
01 001000 11    00000010  1  0000111         readcc (0x07)
01 001001 00    10010000  1  0100101         lda (0x25), clearacc
01 001001 01    00100000  1  0010110         ldc (0x16)
01 001001 10    10000000  1  0101001         lda (0x29)
01 001001 11    00100000  1  0011010         ldc (0x1a)
01 001010 00    10000000  1  0101101         lda (0x2d)
01 001010 01    00100000  1  0011110         ldc (0x1e)
01 001010 10    00000010  1  0001000         readcc (0x08)
01 001010 11    10010000  1  0100110         lda (0x26), clearacc
01 001011 00    00100000  1  0010100         ldc (0x14)
01 001011 01    10000000  1  0101010         lda (0x2a)
01 001011 10    00100000  1  0011000         ldc (0x18)
01 001011 11    10000000  1  0101110         lda (0x2e)
01 001100 00    00100000  1  0011100         ldc (0x1c)
01 001100 01    00000010  1  0001001         readcc (0x09)
01 001100 10    10010000  1  0100110         lda (0x26), clearacc
01 001100 11    00100000  1  0010101         ldc (0x15)
01 001101 00    10000000  1  0101010         lda (0x2a)
01 001101 01    00100000  1  0011001         ldc (0x19)
01 001101 10    10000000  1  0101110         lda (0x2e)
01 001101 11    00100000  1  0011101         ldc (0x1d)
01 001110 00    00000010  1  0001010         readcc (0x0a)
01 001110 01    10010000  1  0100110         lda (0x26), clearacc
01 001110 10    00100000  1  0010110         ldc (0x16)
01 001110 11    10000000  1  0101010         lda (0x2a)
01 001111 00    00100000  1  0011010         ldc (0x1a)
01 001111 01    10000000  1  0101110         lda (0x2e)
01 001111 10    00100000  1  0011110         ldc (0x1e)
01 001111 11    00000110  1  0001011         readcc (0x0b), mhalt
Exit point


Probable entry point: (MW0 = 0x50)
01 010000 00    01000000  1  0001111         ldb (0x0f)
01 010000 01    00000001  1  0001100         ldacc (0x0c)
01 010000 10    10000000  0  0000000         lda (BIC,0)
01 010000 11    00100000  1  0000011         ldc (0x03)
01 010001 00    10000000  0  0000001         lda (BIC,1)
01 010001 01    00100000  1  0000110         ldc (0x06)
01 010001 10    10000000  0  0000010         lda (BIC,2)
01 010001 11    00100000  1  0001001         ldc (0x09)
01 010010 00    00000010  1  0000000         readcc (0x00)
01 010010 01    00000001  1  0001101         ldacc (0x0d)
01 010010 10    10000000  0  0000000         lda (BIC,0)
01 010010 11    00100000  1  0000100         ldc (0x04)
01 010011 00    10000000  0  0000001         lda (BIC,1)
01 010011 01    00100000  1  0000111         ldc (0x07)
01 010011 10    10000000  0  0000010         lda (BIC,2)
01 010011 11    00100000  1  0001010         ldc (0x0a)
01 010100 00    00000010  1  0000001         readcc (0x01)
01 010100 01    00000001  1  0001110         ldacc (0x0e)
01 010100 10    10000000  0  0000000         lda (BIC,0)
01 010100 11    00100000  1  0000101         ldc (0x05)
01 010101 00    10000000  0  0000001         lda (BIC,1)
01 010101 01    00100000  1  0001000         ldc (0x08)
01 010101 10    10000000  0  0000010         lda (BIC,2)
01 010101 11    00100000  1  0001011         ldc (0x0b)
01 010110 00    00000010  1  0000010         readcc (0x02)
01 010110 01    10010000  1  0000000         lda (0x00), clearacc
01 010110 10    00100000  1  0110110         ldc (0x36)
01 010110 11    00001110  1  0110111         readcc (0x37), BIC++, mhalt
Exit point


Probable entry point: (MW0 = 0x57)
01 010111 00    10000100  1  0001111         lda (0x0f), mhalt
Exit point

01 010111 01    00000000  0  0000000         
01 010111 10    00000000  0  0000000         
01 010111 11    00000000  0  0000000         

Probable entry point: (MW0 = 0x58)
01 011000 00    01000100  1  0001111         ldb (0x0f), mhalt
Exit point

01 011000 01    00000000  0  0000000         
01 011000 10    00000000  0  0000000         
01 011000 11    00000000  0  0000000         

Probable entry point: (MW0 = 0x59)
01 011001 00    00100100  1  0001111         ldc (0x0f), mhalt
Exit point

01 011001 01    00000000  0  0000000         
01 011001 10    00000000  0  0000000         
01 011001 11    00000000  0  0000000         

Probable entry point: (MW0 = 0x5a)
01 011010 00    00010100  0  0000000         clearacc, mhalt
Exit point

01 011010 01    00000000  0  0000000         
01 011010 10    00000000  0  0000000         
01 011010 11    00000000  0  0000000         

Probable entry point: (MW0 = 0x5b)
01 011011 00    00001100  0  0000000         BIC++, mhalt
Exit point

01 011011 01    00000000  0  0000000         
01 011011 10    00000000  0  0000000         
01 011011 11    00000000  0  0000000         

Probable entry point: (MW0 = 0x5c)
01 011100 00    00000001  1  0000000         ldacc (0x00)
01 011100 01    00000110  1  0000001         readcc (0x01), mhalt
Exit point

01 011100 10    00000000  0  0000000         
01 011100 11    00000000  0  0000000         

Probable entry point: (MW0 = 0x5d)
01 011101 00    10010000  1  0001100         lda (0x0c), clearacc
01 011101 01    01000000  1  0001101         ldb (0x0d)
01 011101 10    00100000  1  0001110         ldc (0x0e)
01 011101 11    00000110  1  0000000         readcc (0x00), mhalt
Exit point


Probable entry point: (MW0 = 0x5e)
01 011110 00    10000000  1  0001100         lda (0x0c)
01 011110 01    01000000  1  0001101         ldb (0x0d)
01 011110 10    00100000  1  0001110         ldc (0x0e)
01 011110 11    00000110  1  0000000         readcc (0x00), mhalt
Exit point


Probable entry point: (MW0 = 0x5f)
01 011111 00    10010000  0  0000000         lda (BIC,0), clearacc
01 011111 01    01000000  1  0001111         ldb (0x0f)
01 011111 10    00100000  1  0010000         ldc (0x10)
01 011111 11    00000110  1  0000000         readcc (0x00), mhalt
Exit point


Probable entry point: (MW0 = 0x60)
01 100000 00    01000000  1  0001111         ldb (0x0f)
01 100000 01    00000001  1  0100000         ldacc (0x20)
01 100000 10    10000000  0  0000000         lda (BIC,0)
01 100000 11    00100000  1  0010100         ldc (0x14)
01 100001 00    10000000  0  0000001         lda (BIC,1)
01 100001 01    00100000  1  0010101         ldc (0x15)
01 100001 10    10000000  0  0000010         lda (BIC,2)
01 100001 11    00100000  1  0010110         ldc (0x16)
01 100010 00    00000010  1  0000000         readcc (0x00)
01 100010 01    00000001  1  0100001         ldacc (0x21)
01 100010 10    10000000  0  0000000         lda (BIC,0)
01 100010 11    00100000  1  0011000         ldc (0x18)
01 100011 00    10000000  0  0000001         lda (BIC,1)
01 100011 01    00100000  1  0011001         ldc (0x19)
01 100011 10    10000000  0  0000010         lda (BIC,2)
01 100011 11    00100000  1  0011010         ldc (0x1a)
01 100100 00    00000010  1  0000001         readcc (0x01)
01 100100 01    00000001  1  0100010         ldacc (0x22)
01 100100 10    10000000  0  0000000         lda (BIC,0)
01 100100 11    00100000  1  0011100         ldc (0x1c)
01 100101 00    10000000  0  0000001         lda (BIC,1)
01 100101 01    00100000  1  0011101         ldc (0x1d)
01 100101 10    10000000  0  0000010         lda (BIC,2)
01 100101 11    00100000  1  0011110         ldc (0x1e)
01 100110 00    00001110  1  0000010         readcc (0x02), BIC++, mhalt
Exit point

01 100110 01    00000000  0  0000000         
01 100110 10    00000000  0  0000000         
01 100110 11    00000000  0  0000000         

Probable entry point: (MW0 = 0x67)
01 100111 00    10010000  0  0000000         lda (BIC,0), clearacc
01 100111 01    01000000  1  0100000         ldb (0x20)
01 100111 10    00100000  1  0010000         ldc (0x10)
01 100111 11    00000010  1  0001100         readcc (0x0c)
01 101000 00    10000000  1  0001100         lda (0x0c)
01 101000 01    01000000  1  0001111         ldb (0x0f)
01 101000 10    00100000  1  0010011         ldc (0x13)
01 101000 11    00000010  1  0001100         readcc (0x0c)
01 101001 00    10010000  0  0000001         lda (BIC,1), clearacc
01 101001 01    01000000  1  0100001         ldb (0x21)
01 101001 10    00100000  1  0010000         ldc (0x10)
01 101001 11    00000010  1  0001101         readcc (0x0d)
01 101010 00    10000000  1  0001101         lda (0x0d)
01 101010 01    01000000  1  0001111         ldb (0x0f)
01 101010 10    00100000  1  0010011         ldc (0x13)
01 101010 11    00000010  1  0001101         readcc (0x0d)
01 101011 00    10010000  0  0000010         lda (BIC,2), clearacc
01 101011 01    01000000  1  0100010         ldb (0x22)
01 101011 10    00100000  1  0010000         ldc (0x10)
01 101011 11    00000010  1  0001110         readcc (0x0e)
01 101100 00    10000000  1  0001110         lda (0x0e)
01 101100 01    01000000  1  0001111         ldb (0x0f)
01 101100 10    00100000  1  0010011         ldc (0x13)
01 101100 11    00000010  1  0001110         readcc (0x0e)
01 101101 00    01000000  1  0001111         ldb (0x0f)
01 101101 01    10010000  1  0001100         lda (0x0c), clearacc
01 101101 10    00100000  1  0010100         ldc (0x14)
01 101101 11    10000000  1  0001101         lda (0x0d)
01 101110 00    00100000  1  0011000         ldc (0x18)
01 101110 01    10000000  1  0001110         lda (0x0e)
01 101110 10    00100000  1  0011100         ldc (0x1c)
01 101110 11    00000010  1  0000000         readcc (0x00)
01 101111 00    10010000  1  0001100         lda (0x0c), clearacc
01 101111 01    00100000  1  0010101         ldc (0x15)
01 101111 10    10000000  1  0001101         lda (0x0d)
01 101111 11    00100000  1  0011001         ldc (0x19)
01 110000 00    10000000  1  0001110         lda (0x0e)
01 110000 01    00100000  1  0011101         ldc (0x1d)
01 110000 10    00000010  1  0000001         readcc (0x01)
01 110000 11    10010000  1  0001100         lda (0x0c), clearacc
01 110001 00    00100000  1  0010110         ldc (0x16)
01 110001 01    10000000  1  0001101         lda (0x0d)
01 110001 10    00100000  1  0011010         ldc (0x1a)
01 110001 11    10000000  1  0001110         lda (0x0e)
01 110010 00    00100000  1  0011110         ldc (0x1e)
01 110010 01    00001010  1  0000010         readcc (0x02), BIC++
01 110010 10    10010000  1  0000000         lda (0x00), clearacc
01 110010 11    00100000  1  0110110         ldc (0x36)
01 110011 00    00000010  1  0110111         readcc (0x37)
01 110011 01    10010000  1  0110111         lda (0x37), clearacc
01 110011 10    00100000  1  0110111         ldc (0x37)
01 110011 11    00000010  1  0111011         readcc (0x3b)
01 110100 00    10010000  1  0000000         lda (0x00), clearacc
01 110100 01    00100000  1  0000000         ldc (0x00)
01 110100 10    00000010  1  0111000         readcc (0x38)
01 110100 11    10010000  1  0000001         lda (0x01), clearacc
01 110101 00    00100000  1  0000001         ldc (0x01)
01 110101 01    00000010  1  0111001         readcc (0x39)
01 110101 10    10010000  1  0000010         lda (0x02), clearacc
01 110101 11    00100000  1  0000010         ldc (0x02)
01 110110 00    00000110  1  0111010         readcc (0x3a), mhalt
Exit point

01 110110 01    00000000  0  0000000         
01 110110 10    00000000  0  0000000         
01 110110 11    00000000  0  0000000         

Probable entry point: (MW0 = 0x77)
01 110111 00    00000001  0  0000000         ldacc (BIC,0)
01 110111 01    00000010  1  0010100         readcc (0x14)
01 110111 10    00000001  0  0000001         ldacc (BIC,1)
01 110111 11    00000010  1  0010101         readcc (0x15)
01 111000 00    00000001  0  0000010         ldacc (BIC,2)
01 111000 01    00001010  1  0010110         readcc (0x16), BIC++
01 111000 10    00000001  0  0000000         ldacc (BIC,0)
01 111000 11    00000010  1  0011000         readcc (0x18)
01 111001 00    00000001  0  0000001         ldacc (BIC,1)
01 111001 01    00000010  1  0011001         readcc (0x19)
01 111001 10    00000001  0  0000010         ldacc (BIC,2)
01 111001 11    00001010  1  0011010         readcc (0x1a), BIC++
01 111010 00    00000001  0  0000000         ldacc (BIC,0)
01 111010 01    00000010  1  0011100         readcc (0x1c)
01 111010 10    00000001  0  0000001         ldacc (BIC,1)
01 111010 11    00000010  1  0011101         readcc (0x1d)
01 111011 00    00000001  0  0000010         ldacc (BIC,2)
01 111011 01    00001010  1  0011110         readcc (0x1e), BIC++
01 111011 10    00000001  0  0000000         ldacc (BIC,0)
01 111011 11    00000010  1  0100000         readcc (0x20)
01 111100 00    00000001  0  0000001         ldacc (BIC,1)
01 111100 01    00000010  1  0100001         readcc (0x21)
01 111100 10    00000001  0  0000010         ldacc (BIC,2)
01 111100 11    00000110  1  0100010         readcc (0x22), mhalt
Exit point

01 111101 00    00000000  0  0000000         
01 111101 01    00000000  0  0000000         
01 111101 10    00000000  0  0000000         
01 111101 11    00000000  0  0000000         
01 111110 00    00000000  0  0000000         
01 111110 01    00000000  0  0000000         
01 111110 10    00000000  0  0000000         
01 111110 11    00000000  0  0000000         
01 111111 00    00000000  0  0000000         
01 111111 01    00000000  0  0000000         
01 111111 10    00000000  0  0000000         
01 111111 11    00000000  0  0000000         

------------Page Boundary-----------


Probable entry point: (MW0 = 0x80)
10 000000 00    00000001  0  0000000         ldacc (BIC,0)
10 000000 01    00000010  1  0100100         readcc (0x24)
10 000000 10    00000001  0  0000001         ldacc (BIC,1)
10 000000 11    00000010  1  0100101         readcc (0x25)
10 000001 00    00000001  0  0000010         ldacc (BIC,2)
10 000001 01    00001010  1  0100110         readcc (0x26), BIC++
10 000001 10    00000001  0  0000000         ldacc (BIC,0)
10 000001 11    00000010  1  0101000         readcc (0x28)
10 000010 00    00000001  0  0000001         ldacc (BIC,1)
10 000010 01    00000010  1  0101001         readcc (0x29)
10 000010 10    00000001  0  0000010         ldacc (BIC,2)
10 000010 11    00001010  1  0101010         readcc (0x2a), BIC++
10 000011 00    00000001  0  0000000         ldacc (BIC,0)
10 000011 01    00000010  1  0101100         readcc (0x2c)
10 000011 10    00000001  0  0000001         ldacc (BIC,1)
10 000011 11    00000010  1  0101101         readcc (0x2d)
10 000100 00    00000001  0  0000010         ldacc (BIC,2)
10 000100 01    00001010  1  0101110         readcc (0x2e), BIC++
10 000100 10    00000001  0  0000000         ldacc (BIC,0)
10 000100 11    00000010  1  0110000         readcc (0x30)
10 000101 00    00000001  0  0000001         ldacc (BIC,1)
10 000101 01    00000010  1  0110001         readcc (0x31)
10 000101 10    00000001  0  0000010         ldacc (BIC,2)
10 000101 11    00000110  1  0110010         readcc (0x32), mhalt
Exit point


Probable entry point: (MW0 = 0x86)
10 000110 00    01000000  1  0001111         ldb (0x0f)
10 000110 01    10010000  1  0000001         lda (0x01), clearacc
10 000110 10    00100000  1  0000000         ldc (0x00)
10 000110 11    00000010  1  0000001         readcc (0x01)
10 000111 00    10010000  1  0000010         lda (0x02), clearacc
10 000111 01    00100000  1  0000000         ldc (0x00)
10 000111 10    00000110  1  0000010         readcc (0x02), mhalt
Exit point

10 000111 11    00000000  0  0000000         

Probable entry point: (MW0 = 0x88)
10 001000 00    01000000  1  0001111         ldb (0x0f)
10 001000 01    10010000  1  0010100         lda (0x14), clearacc
10 001000 10    00100000  1  0010100         ldc (0x14)
10 001000 11    10000000  1  0011000         lda (0x18)
10 001001 00    00100000  1  0011000         ldc (0x18)
10 001001 01    00000110  1  0111100         readcc (0x3c), mhalt
Exit point

10 001001 10    00000000  0  0000000         
10 001001 11    00000000  0  0000000         

Probable entry point: (MW0 = 0x8a)
10 001010 00    10010000  1  0111100         lda (0x3c), clearacc
10 001010 01    00100000  1  0111101         ldc (0x3d)
10 001010 10    00000010  1  0111101         readcc (0x3d)
10 001010 11    10010000  1  0111101         lda (0x3d), clearacc
10 001011 00    00100000  1  0011000         ldc (0x18)
10 001011 01    00000010  1  0111111         readcc (0x3f)
10 001011 10    10010000  1  0111101         lda (0x3d), clearacc
10 001011 11    00100000  1  0010100         ldc (0x14)
10 001100 00    00000010  1  0111110         readcc (0x3e)
10 001100 01    10010000  1  0010100         lda (0x14), clearacc
10 001100 10    01000000  1  0111111         ldb (0x3f)
10 001100 11    00100000  1  0010110         ldc (0x16)
10 001101 00    01000000  1  0001111         ldb (0x0f)
10 001101 01    10000000  1  0011000         lda (0x18)
10 001101 10    00100000  1  0011010         ldc (0x1a)
10 001101 11    10000000  1  0111110         lda (0x3e)
10 001110 00    00100000  1  0011010         ldc (0x1a)
10 001110 01    00000010  1  0111000         readcc (0x38)
10 001110 10    10010000  1  0010100         lda (0x14), clearacc
10 001110 11    01000000  1  0111111         ldb (0x3f)
10 001111 00    00100000  1  0010101         ldc (0x15)
10 001111 01    01000000  1  0001111         ldb (0x0f)
10 001111 10    10000000  1  0011000         lda (0x18)
10 001111 11    00100000  1  0011001         ldc (0x19)
10 010000 00    10000000  1  0111110         lda (0x3e)
10 010000 01    00100000  1  0011001         ldc (0x19)
10 010000 10    00000010  1  0111001         readcc (0x39)
10 010000 11    10010000  1  0010100         lda (0x14), clearacc
10 010001 00    00100000  1  0010110         ldc (0x16)
10 010001 01    10000000  1  0111111         lda (0x3f)
10 010001 10    00100000  1  0010110         ldc (0x16)
10 010001 11    10000000  1  0011000         lda (0x18)
10 010010 00    01000000  1  0111110         ldb (0x3e)
10 010010 01    00100000  1  0011010         ldc (0x1a)
10 010010 10    00000010  1  0111010         readcc (0x3a)
10 010010 11    01000000  1  0001111         ldb (0x0f)
10 010011 00    10010000  1  0010100         lda (0x14), clearacc
10 010011 01    00100000  1  0010101         ldc (0x15)
10 010011 10    10000000  1  0111111         lda (0x3f)
10 010011 11    00100000  1  0010101         ldc (0x15)
10 010100 00    10000000  1  0011000         lda (0x18)
10 010100 01    01000000  1  0111110         ldb (0x3e)
10 010100 10    00100000  1  0011001         ldc (0x19)
10 010100 11    00000110  1  0111011         readcc (0x3b), mhalt
Exit point


Probable entry point: (MW0 = 0x95)
10 010101 00    01000000  1  0001111         ldb (0x0f)
10 010101 01    10010000  1  0101111         lda (0x2f), clearacc
10 010101 10    00100000  1  0000001         ldc (0x01)
10 010101 11    00000010  1  0101111         readcc (0x2f)
10 010110 00    10000000  1  0001111         lda (0x0f)
10 010110 01    01010000  1  0010111         ldb (0x17), clearacc
10 010110 10    00100000  1  0010110         ldc (0x16)
10 010110 11    01000000  1  0011011         ldb (0x1b)
10 010111 00    00100000  1  0011010         ldc (0x1a)
10 010111 01    01000000  1  0011111         ldb (0x1f)
10 010111 10    00100000  1  0011110         ldc (0x1e)
10 010111 11    00000010  1  0111100         readcc (0x3c)
10 011000 00    10010000  1  0101111         lda (0x2f), clearacc
10 011000 01    00100000  1  0010100         ldc (0x14)
10 011000 10    10000000  1  0000000         lda (0x00)
10 011000 11    00100000  1  0010111         ldc (0x17)
10 011001 00    10000000  1  0111100         lda (0x3c)
10 011001 01    00100000  1  0010110         ldc (0x16)
10 011001 10    00000010  1  0100011         readcc (0x23)
10 011001 11    10010000  1  0101111         lda (0x2f), clearacc
10 011010 00    00100000  1  0011000         ldc (0x18)
10 011010 01    10000000  1  0000000         lda (0x00)
10 011010 10    00100000  1  0011011         ldc (0x1b)
10 011010 11    10000000  1  0111100         lda (0x3c)
10 011011 00    00100000  1  0011010         ldc (0x1a)
10 011011 01    00000010  1  0100111         readcc (0x27)
10 011011 10    00000001  1  0110011         ldacc (0x33)
10 011011 11    10000000  1  0101111         lda (0x2f)
10 011100 00    00100000  1  0011100         ldc (0x1c)
10 011100 01    10000000  1  0000000         lda (0x00)
10 011100 10    00100000  1  0011111         ldc (0x1f)
10 011100 11    10000000  1  0111100         lda (0x3c)
10 011101 00    00100000  1  0011110         ldc (0x1e)
10 011101 01    00000110  1  0101011         readcc (0x2b), mhalt
Exit point

10 011101 10    00000000  0  0000000         
10 011101 11    00000000  0  0000000         

Probable entry point: (MW0 = 0x9e)
10 011110 00    01000000  1  0001111         ldb (0x0f)
10 011110 01    10010000  1  0101111         lda (0x2f), clearacc
10 011110 10    00100000  1  0000001         ldc (0x01)
10 011110 11    00000010  1  0101111         readcc (0x2f)
10 011111 00    10010000  1  0101111         lda (0x2f), clearacc
10 011111 01    00100000  1  0010110         ldc (0x16)
10 011111 10    10000000  1  0000000         lda (0x00)
10 011111 11    00100000  1  0010111         ldc (0x17)
10 100000 00    00000010  1  0100011         readcc (0x23)
10 100000 01    10010000  1  0101111         lda (0x2f), clearacc
10 100000 10    00100000  1  0011010         ldc (0x1a)
10 100000 11    10000000  1  0000000         lda (0x00)
10 100001 00    00100000  1  0011011         ldc (0x1b)
10 100001 01    00000010  1  0100111         readcc (0x27)
10 100001 10    00000001  1  0110011         ldacc (0x33)
10 100001 11    10000000  1  0101111         lda (0x2f)
10 100010 00    00100000  1  0011110         ldc (0x1e)
10 100010 01    10000000  1  0000000         lda (0x00)
10 100010 10    00100000  1  0011111         ldc (0x1f)
10 100010 11    00000110  1  0101011         readcc (0x2b), mhalt
Exit point


Probable entry point: (MW0 = 0xa3)
10 100011 00    01000000  1  0001111         ldb (0x0f)
10 100011 01    10010000  1  0101111         lda (0x2f), clearacc
10 100011 10    00100000  1  0000001         ldc (0x01)
10 100011 11    00000010  1  0101111         readcc (0x2f)
10 100100 00    10000000  1  0001111         lda (0x0f)
10 100100 01    01010000  1  0010111         ldb (0x17), clearacc
10 100100 10    00100000  1  0010110         ldc (0x16)
10 100100 11    01000000  1  0011011         ldb (0x1b)
10 100101 00    00100000  1  0011010         ldc (0x1a)
10 100101 01    01000000  1  0011111         ldb (0x1f)
10 100101 10    00100000  1  0011110         ldc (0x1e)
10 100101 11    00000010  1  0111100         readcc (0x3c)
10 100110 00    01000000  1  0001111         ldb (0x0f)
10 100110 01    10010000  1  0101111         lda (0x2f), clearacc
10 100110 10    00100000  1  0010110         ldc (0x16)
10 100110 11    10000000  1  0000000         lda (0x00)
10 100111 00    00100000  1  0010111         ldc (0x17)
10 100111 01    10000000  1  0111100         lda (0x3c)
10 100111 10    00100000  1  0010110         ldc (0x16)
10 100111 11    00000010  1  0100011         readcc (0x23)
10 101000 00    10010000  1  0101111         lda (0x2f), clearacc
10 101000 01    00100000  1  0011010         ldc (0x1a)
10 101000 10    10000000  1  0000000         lda (0x00)
10 101000 11    00100000  1  0011011         ldc (0x1b)
10 101001 00    10000000  1  0111100         lda (0x3c)
10 101001 01    00100000  1  0011010         ldc (0x1a)
10 101001 10    00000010  1  0100111         readcc (0x27)
10 101001 11    00000001  1  0110011         ldacc (0x33)
10 101010 00    10000000  1  0101111         lda (0x2f)
10 101010 01    00100000  1  0011110         ldc (0x1e)
10 101010 10    10000000  1  0000000         lda (0x00)
10 101010 11    00100000  1  0011111         ldc (0x1f)
10 101011 00    10000000  1  0111100         lda (0x3c)
10 101011 01    00100000  1  0011110         ldc (0x1e)
10 101011 10    00000110  1  0101011         readcc (0x2b), mhalt
Exit point

10 101011 11    00000000  0  0000000         

Probable entry point: (MW0 = 0xac)
10 101100 00    01010000  1  0001111         ldb (0x0f), clearacc
10 101100 01    10000000  1  0010111         lda (0x17)
10 101100 10    00100000  1  0010100         ldc (0x14)
10 101100 11    10000000  1  0011011         lda (0x1b)
10 101101 00    00100000  1  0011000         ldc (0x18)
10 101101 01    10000000  1  0011111         lda (0x1f)
10 101101 10    00100000  1  0011100         ldc (0x1c)
10 101101 11    00000110  1  0111111         readcc (0x3f), mhalt
Exit point


Probable entry point: (MW0 = 0xae)
10 101110 00    10000000  0  0000000         lda (BIC,0)
10 101110 01    01010000  1  0000001         ldb (0x01), clearacc
10 101110 10    00100000  1  0001101         ldc (0x0d)
10 101110 11    00000010  0  0000010         readcc (BIC,2)
10 101111 00    10000000  0  0000001         lda (BIC,1)
10 101111 01    01010000  1  0000010         ldb (0x02), clearacc
10 101111 10    00100000  1  0001101         ldc (0x0d)
10 101111 11    00001010  0  0000011         readcc (BIC,3), BIC++
10 110000 00    10000000  0  0000011         lda (BIC,3)
10 110000 01    01010000  1  0000000         ldb (0x00), clearacc
10 110000 10    00100000  1  0010000         ldc (0x10)
10 110000 11    00001110  1  0001100         readcc (0x0c), BIC++, mhalt
Exit point

10 110001 00    00000000  0  0000000         
10 110001 01    00000000  0  0000000         
10 110001 10    00000000  0  0000000         
10 110001 11    00000000  0  0000000         
10 110010 00    00000000  0  0000000         
10 110010 01    00000000  0  0000000         
10 110010 10    00000000  0  0000000         
10 110010 11    00000000  0  0000000         
10 110011 00    00000000  0  0000000         
10 110011 01    00000000  0  0000000         
10 110011 10    00000000  0  0000000         
10 110011 11    00000000  0  0000000         
10 110100 00    00000000  0  0000000         
10 110100 01    00000000  0  0000000         
10 110100 10    00000000  0  0000000         
10 110100 11    00000000  0  0000000         
10 110101 00    00000000  0  0000000         
10 110101 01    00000000  0  0000000         
10 110101 10    00000000  0  0000000         
10 110101 11    00000000  0  0000000         
10 110110 00    00000000  0  0000000         
10 110110 01    00000000  0  0000000         
10 110110 10    00000000  0  0000000         
10 110110 11    00000000  0  0000000         
10 110111 00    00000000  0  0000000         
10 110111 01    00000000  0  0000000         
10 110111 10    00000000  0  0000000         
10 110111 11    00000000  0  0000000         
10 111000 00    00000000  0  0000000         
10 111000 01    00000000  0  0000000         
10 111000 10    00000000  0  0000000         
10 111000 11    00000000  0  0000000         
10 111001 00    00000000  0  0000000         
10 111001 01    00000000  0  0000000         
10 111001 10    00000000  0  0000000         
10 111001 11    00000000  0  0000000         
10 111010 00    00000000  0  0000000         
10 111010 01    00000000  0  0000000         
10 111010 10    00000000  0  0000000         
10 111010 11    00000000  0  0000000         
10 111011 00    00000000  0  0000000         
10 111011 01    00000000  0  0000000         
10 111011 10    00000000  0  0000000         
10 111011 11    00000000  0  0000000         
10 111100 00    00000000  0  0000000         
10 111100 01    00000000  0  0000000         
10 111100 10    00000000  0  0000000         
10 111100 11    00000000  0  0000000         
10 111101 00    00000000  0  0000000         
10 111101 01    00000000  0  0000000         
10 111101 10    00000000  0  0000000         
10 111101 11    00000000  0  0000000         
10 111110 00    00000000  0  0000000         
10 111110 01    00000000  0  0000000         
10 111110 10    00000000  0  0000000         
10 111110 11    00000000  0  0000000         
10 111111 00    00000000  0  0000000         
10 111111 01    00000000  0  0000000         
10 111111 10    00000000  0  0000000         
10 111111 11    00000000  0  0000000         

------------Page Boundary-----------

11 000000 00    00000000  0  0000000         
11 000000 01    00000000  0  0000000         
11 000000 10    00000000  0  0000000         
11 000000 11    00000000  0  0000000         
11 000001 00    00000000  0  0000000         
11 000001 01    00000000  0  0000000         
11 000001 10    00000000  0  0000000         
11 000001 11    00000000  0  0000000         
11 000010 00    00000000  0  0000000         
11 000010 01    00000000  0  0000000         
11 000010 10    00000000  0  0000000         
11 000010 11    00000000  0  0000000         
11 000011 00    00000000  0  0000000         
11 000011 01    00000000  0  0000000         
11 000011 10    00000000  0  0000000         
11 000011 11    00000000  0  0000000         
11 000100 00    00000000  0  0000000         
11 000100 01    00000000  0  0000000         
11 000100 10    00000000  0  0000000         
11 000100 11    00000000  0  0000000         
11 000101 00    00000000  0  0000000         
11 000101 01    00000000  0  0000000         
11 000101 10    00000000  0  0000000         
11 000101 11    00000000  0  0000000         
11 000110 00    00000000  0  0000000         
11 000110 01    00000000  0  0000000         
11 000110 10    00000000  0  0000000         
11 000110 11    00000000  0  0000000         
11 000111 00    00000000  0  0000000         
11 000111 01    00000000  0  0000000         
11 000111 10    00000000  0  0000000         
11 000111 11    00000000  0  0000000         
11 001000 00    00000000  0  0000000         
11 001000 01    00000000  0  0000000         
11 001000 10    00000000  0  0000000         
11 001000 11    00000000  0  0000000         
11 001001 00    00000000  0  0000000         
11 001001 01    00000000  0  0000000         
11 001001 10    00000000  0  0000000         
11 001001 11    00000000  0  0000000         
11 001010 00    00000000  0  0000000         
11 001010 01    00000000  0  0000000         
11 001010 10    00000000  0  0000000         
11 001010 11    00000000  0  0000000         
11 001011 00    00000000  0  0000000         
11 001011 01    00000000  0  0000000         
11 001011 10    00000000  0  0000000         
11 001011 11    00000000  0  0000000         
11 001100 00    00000000  0  0000000         
11 001100 01    00000000  0  0000000         
11 001100 10    00000000  0  0000000         
11 001100 11    00000000  0  0000000         
11 001101 00    00000000  0  0000000         
11 001101 01    00000000  0  0000000         
11 001101 10    00000000  0  0000000         
11 001101 11    00000000  0  0000000         
11 001110 00    00000000  0  0000000         
11 001110 01    00000000  0  0000000         
11 001110 10    00000000  0  0000000         
11 001110 11    00000000  0  0000000         
11 001111 00    00000000  0  0000000         
11 001111 01    00000000  0  0000000         
11 001111 10    00000000  0  0000000         
11 001111 11    00000000  0  0000000         
11 010000 00    00000000  0  0000000         
11 010000 01    00000000  0  0000000         
11 010000 10    00000000  0  0000000         
11 010000 11    00000000  0  0000000         
11 010001 00    00000000  0  0000000         
11 010001 01    00000000  0  0000000         
11 010001 10    00000000  0  0000000         
11 010001 11    00000000  0  0000000         
11 010010 00    00000000  0  0000000         
11 010010 01    00000000  0  0000000         
11 010010 10    00000000  0  0000000         
11 010010 11    00000000  0  0000000         
11 010011 00    00000000  0  0000000         
11 010011 01    00000000  0  0000000         
11 010011 10    00000000  0  0000000         
11 010011 11    00000000  0  0000000         
11 010100 00    00000000  0  0000000         
11 010100 01    00000000  0  0000000         
11 010100 10    00000000  0  0000000         
11 010100 11    00000000  0  0000000         
11 010101 00    00000000  0  0000000         
11 010101 01    00000000  0  0000000         
11 010101 10    00000000  0  0000000         
11 010101 11    00000000  0  0000000         
11 010110 00    00000000  0  0000000         
11 010110 01    00000000  0  0000000         
11 010110 10    00000000  0  0000000         
11 010110 11    00000000  0  0000000         
11 010111 00    00000000  0  0000000         
11 010111 01    00000000  0  0000000         
11 010111 10    00000000  0  0000000         
11 010111 11    00000000  0  0000000         
11 011000 00    00000000  0  0000000         
11 011000 01    00000000  0  0000000         
11 011000 10    00000000  0  0000000         
11 011000 11    00000000  0  0000000         
11 011001 00    00000000  0  0000000         
11 011001 01    00000000  0  0000000         
11 011001 10    00000000  0  0000000         
11 011001 11    00000000  0  0000000         
11 011010 00    00000000  0  0000000         
11 011010 01    00000000  0  0000000         
11 011010 10    00000000  0  0000000         
11 011010 11    00000000  0  0000000         
11 011011 00    00000000  0  0000000         
11 011011 01    00000000  0  0000000         
11 011011 10    00000000  0  0000000         
11 011011 11    00000000  0  0000000         
11 011100 00    00000000  0  0000000         
11 011100 01    00000000  0  0000000         
11 011100 10    00000000  0  0000000         
11 011100 11    00000000  0  0000000         
11 011101 00    00000000  0  0000000         
11 011101 01    00000000  0  0000000         
11 011101 10    00000000  0  0000000         
11 011101 11    00000000  0  0000000         
11 011110 00    00000000  0  0000000         
11 011110 01    00000000  0  0000000         
11 011110 10    00000000  0  0000000         
11 011110 11    00000000  0  0000000         
11 011111 00    00000000  0  0000000         
11 011111 01    00000000  0  0000000         
11 011111 10    00000000  0  0000000         
11 011111 11    00000000  0  0000000         
11 100000 00    00000000  0  0000000         
11 100000 01    00000000  0  0000000         
11 100000 10    00000000  0  0000000         
11 100000 11    00000000  0  0000000         
11 100001 00    00000000  0  0000000         
11 100001 01    00000000  0  0000000         
11 100001 10    00000000  0  0000000         
11 100001 11    00000000  0  0000000         
11 100010 00    00000000  0  0000000         
11 100010 01    00000000  0  0000000         
11 100010 10    00000000  0  0000000         
11 100010 11    00000000  0  0000000         
11 100011 00    00000000  0  0000000         
11 100011 01    00000000  0  0000000         
11 100011 10    00000000  0  0000000         
11 100011 11    00000000  0  0000000         
11 100100 00    00000000  0  0000000         
11 100100 01    00000000  0  0000000         
11 100100 10    00000000  0  0000000         
11 100100 11    00000000  0  0000000         
11 100101 00    00000000  0  0000000         
11 100101 01    00000000  0  0000000         
11 100101 10    00000000  0  0000000         
11 100101 11    00000000  0  0000000         
11 100110 00    00000000  0  0000000         
11 100110 01    00000000  0  0000000         
11 100110 10    00000000  0  0000000         
11 100110 11    00000000  0  0000000         
11 100111 00    00000000  0  0000000         
11 100111 01    00000000  0  0000000         
11 100111 10    00000000  0  0000000         
11 100111 11    00000000  0  0000000         
11 101000 00    00000000  0  0000000         
11 101000 01    00000000  0  0000000         
11 101000 10    00000000  0  0000000         
11 101000 11    00000000  0  0000000         
11 101001 00    00000000  0  0000000         
11 101001 01    00000000  0  0000000         
11 101001 10    00000000  0  0000000         
11 101001 11    00000000  0  0000000         
11 101010 00    00000000  0  0000000         
11 101010 01    00000000  0  0000000         
11 101010 10    00000000  0  0000000         
11 101010 11    00000000  0  0000000         
11 101011 00    00000000  0  0000000         
11 101011 01    00000000  0  0000000         
11 101011 10    00000000  0  0000000         
11 101011 11    00000000  0  0000000         
11 101100 00    00000000  0  0000000         
11 101100 01    00000000  0  0000000         
11 101100 10    00000000  0  0000000         
11 101100 11    00000000  0  0000000         
11 101101 00    00000000  0  0000000         
11 101101 01    00000000  0  0000000         
11 101101 10    00000000  0  0000000         
11 101101 11    00000000  0  0000000         
11 101110 00    00000000  0  0000000         
11 101110 01    00000000  0  0000000         
11 101110 10    00000000  0  0000000         
11 101110 11    00000000  0  0000000         
11 101111 00    00000000  0  0000000         
11 101111 01    00000000  0  0000000         
11 101111 10    00000000  0  0000000         
11 101111 11    00000000  0  0000000         
11 110000 00    00000000  0  0000000         
11 110000 01    00000000  0  0000000         
11 110000 10    00000000  0  0000000         
11 110000 11    00000000  0  0000000         
11 110001 00    00000000  0  0000000         
11 110001 01    00000000  0  0000000         
11 110001 10    00000000  0  0000000         
11 110001 11    00000000  0  0000000         
11 110010 00    00000000  0  0000000         
11 110010 01    00000000  0  0000000         
11 110010 10    00000000  0  0000000         
11 110010 11    00000000  0  0000000         
11 110011 00    00000000  0  0000000         
11 110011 01    00000000  0  0000000         
11 110011 10    00000000  0  0000000         
11 110011 11    00000000  0  0000000         
11 110100 00    00000000  0  0000000         
11 110100 01    00000000  0  0000000         
11 110100 10    00000000  0  0000000         
11 110100 11    00000000  0  0000000         
11 110101 00    00000000  0  0000000         
11 110101 01    00000000  0  0000000         
11 110101 10    00000000  0  0000000         
11 110101 11    00000000  0  0000000         
11 110110 00    00000000  0  0000000         
11 110110 01    00000000  0  0000000         
11 110110 10    00000000  0  0000000         
11 110110 11    00000000  0  0000000         
11 110111 00    00000000  0  0000000         
11 110111 01    00000000  0  0000000         
11 110111 10    00000000  0  0000000         
11 110111 11    00000000  0  0000000         
11 111000 00    00000000  0  0000000         
11 111000 01    00000000  0  0000000         
11 111000 10    00000000  0  0000000         
11 111000 11    00000000  0  0000000         
11 111001 00    00000000  0  0000000         
11 111001 01    00000000  0  0000000         
11 111001 10    00000000  0  0000000         
11 111001 11    00000000  0  0000000         
11 111010 00    00000000  0  0000000         
11 111010 01    00000000  0  0000000         
11 111010 10    00000000  0  0000000         
11 111010 11    00000000  0  0000000         
11 111011 00    00000000  0  0000000         
11 111011 01    00000000  0  0000000         
11 111011 10    00000000  0  0000000         
11 111011 11    00000000  0  0000000         
11 111100 00    00000000  0  0000000         
11 111100 01    00000000  0  0000000         
11 111100 10    00000000  0  0000000         
11 111100 11    00000000  0  0000000         
11 111101 00    00000000  0  0000000         
11 111101 01    00000000  0  0000000         
11 111101 10    00000000  0  0000000         
11 111101 11    00000000  0  0000000         
11 111110 00    00000000  0  0000000         
11 111110 01    00000000  0  0000000         
11 111110 10    00000000  0  0000000         
11 111110 11    00000000  0  0000000         
11 111111 00    00000000  0  0000000         
11 111111 01    00000000  0  0000000         
11 111111 10    00000000  0  0000000         
11 111111 11    00000000  0  0000000         

------------Page Boundary-----------

